\BOOKMARK [1][-]{section.1}{Introduction}{}% 1
\BOOKMARK [1][-]{section.2}{Creating a Poster}{}% 2
\BOOKMARK [1][-]{section.3}{Options for the Document Class}{}% 3
\BOOKMARK [1][-]{section.4}{The Poster Contents}{}% 4
\BOOKMARK [2][-]{subsection.4.1}{Title Matter}{section.4}% 5
\BOOKMARK [2][-]{subsection.4.2}{Blocks}{section.4}% 6
\BOOKMARK [2][-]{subsection.4.3}{Notes}{section.4}% 7
\BOOKMARK [2][-]{subsection.4.4}{Columns and Subcolumns}{section.4}% 8
\BOOKMARK [1][-]{section.5}{Poster Layout}{}% 9
\BOOKMARK [2][-]{subsection.5.1}{Setting the colors}{section.5}% 10
\BOOKMARK [2][-]{subsection.5.2}{Setting the layout}{section.5}% 11
\BOOKMARK [2][-]{subsection.5.3}{Background style}{section.5}% 12
\BOOKMARK [2][-]{subsection.5.4}{Title style}{section.5}% 13
\BOOKMARK [2][-]{subsection.5.5}{Block style}{section.5}% 14
\BOOKMARK [2][-]{subsection.5.6}{Inner Block styles}{section.5}% 15
\BOOKMARK [2][-]{subsection.5.7}{Note style}{section.5}% 16
\BOOKMARK [1][-]{section.6}{Poster template}{}% 17
\BOOKMARK [1][-]{section.7}{Poster example}{}% 18
\BOOKMARK [1][-]{section.8}{Appendix}{}% 19
\BOOKMARK [2][-]{subsection.8.1}{Available variables}{section.8}% 20
